2025/11/11 17:40:30 [Node 3] gRPC server now listening on :5003...
2025/11/11 17:40:30 [Node 3] Advertised on network (port 5003)
2025/11/11 17:40:33 [Node 3] Waiting for peers to appear...
2025/11/11 17:40:33 [Node 3] Discovered new peer: node-2 (192.168.2.75:5002)
2025/11/11 17:40:33 [Node 3] Discovered new peer: node-1 (192.168.2.75:5001)
2025/11/11 17:40:33 [Node 3] Added new peer: 192.168.2.75:5002
2025/11/11 17:40:33 [Node 3] Added new peer: 192.168.2.75:5001
2025/11/11 17:40:34 [Node 3] Broadcasting request for CS (Clock=1)
2025/11/11 17:40:34 [Node 3] Got reply from 1 (2/2)
2025/11/11 17:40:34 [Node 3] Got reply from 2 (1/2)
2025/11/11 17:40:34 [Node 3] ENTERING CRITICAL SECTION at clock 4
2025/11/11 17:40:36 [Node 3] Received Request from 1 (Clock=3)
2025/11/11 17:40:36 [Node 3] Sending REPLY to 1
2025/11/11 17:40:37 [Node 3] Received Request from 2 (Clock=5)
2025/11/11 17:40:37 [Node 3] Sending REPLY to 2
2025/11/11 17:40:37 [Node 3] LEAVING CRITICAL SECTION at clock 7
2025/11/11 17:40:40 [Node 3] Decided not to enter CS this time
2025/11/11 17:40:44 [Node 3] Received Request from 1 (Clock=12)
2025/11/11 17:40:44 [Node 3] Sending REPLY to 1
2025/11/11 17:40:44 [Node 3] Broadcasting request for CS (Clock=14)
2025/11/11 17:40:44 [Node 3] Got reply from 1 (1/2)
2025/11/11 17:40:44 [Node 3] Got reply from 2 (2/2)
2025/11/11 17:40:44 [Node 3] ENTERING CRITICAL SECTION at clock 19
2025/11/11 17:40:44 [Node 3] Received Request from 2 (Clock=16)
2025/11/11 17:40:44 [Node 3] Sending REPLY to 2
2025/11/11 17:40:47 [Node 3] LEAVING CRITICAL SECTION at clock 21
2025/11/11 17:40:49 [Node 3] Decided not to enter CS this time
2025/11/11 17:40:51 [Node 3] Received Request from 1 (Clock=21)
2025/11/11 17:40:51 [Node 3] Sending REPLY to 1
2025/11/11 17:40:52 [Node 3] Received Request from 2 (Clock=27)
2025/11/11 17:40:52 [Node 3] Sending REPLY to 2
2025/11/11 17:40:53 [Node 3] Broadcasting request for CS (Clock=29)
2025/11/11 17:40:53 [Node 3] Got reply from 1 (1/2)
2025/11/11 17:40:53 [Node 3] Got reply from 2 (2/2)
2025/11/11 17:40:54 [Node 3] ENTERING CRITICAL SECTION at clock 34
2025/11/11 17:40:57 [Node 3] LEAVING CRITICAL SECTION at clock 35
2025/11/11 17:40:58 [Node 3] Received Request from 2 (Clock=35)
2025/11/11 17:40:58 [Node 3] Sending REPLY to 2
2025/11/11 17:40:59 [Node 3] Received Request from 1 (Clock=37)
2025/11/11 17:40:59 [Node 3] Sending REPLY to 1
2025/11/11 17:40:59 [Node 3] Broadcasting request for CS (Clock=39)
2025/11/11 17:40:59 [Node 3] Got reply from 1 (1/2)
2025/11/11 17:40:59 [Node 3] Got reply from 2 (2/2)
2025/11/11 17:41:00 [Node 3] ENTERING CRITICAL SECTION at clock 46
2025/11/11 17:41:03 [Node 3] LEAVING CRITICAL SECTION at clock 47
2025/11/11 17:41:06 [Node 3] Received Request from 2 (Clock=44)
2025/11/11 17:41:06 [Node 3] Sending REPLY to 2
2025/11/11 17:41:06 [Node 3] Broadcasting request for CS (Clock=50)
2025/11/11 17:41:06 [Node 3] Got reply from 2 (1/2)
2025/11/11 17:41:06 [Node 3] Got reply from 1 (2/2)
2025/11/11 17:41:06 [Node 3] ENTERING CRITICAL SECTION at clock 54
2025/11/11 17:41:09 [Node 3] LEAVING CRITICAL SECTION at clock 55
2025/11/11 17:41:10 [Node 3] Received Request from 2 (Clock=55)
2025/11/11 17:41:10 [Node 3] Sending REPLY to 2
2025/11/11 17:41:12 [Node 3] Broadcasting request for CS (Clock=58)
2025/11/11 17:41:12 [Node 3] Got reply from 1 (1/2)
2025/11/11 17:41:12 [Node 3] Got reply from 2 (2/2)
2025/11/11 17:41:12 [Node 3] Received Request from 1 (Clock=60)
2025/11/11 17:41:12 [Node 3] Sending REPLY to 1
2025/11/11 17:41:12 [Node 3] ENTERING CRITICAL SECTION at clock 62
2025/11/11 17:41:15 [Node 3] LEAVING CRITICAL SECTION at clock 63
2025/11/11 17:41:17 [Node 3] Received Request from 2 (Clock=63)
2025/11/11 17:41:17 [Node 3] Sending REPLY to 2
2025/11/11 17:41:20 [Node 3] Broadcasting request for CS (Clock=66)
2025/11/11 17:41:20 [Node 3] Got reply from 1 (1/2)
2025/11/11 17:41:20 [Node 3] Got reply from 2 (2/2)
2025/11/11 17:41:20 [Node 3] Received Request from 1 (Clock=69)
2025/11/11 17:41:20 [Node 3] Sending REPLY to 1
2025/11/11 17:41:20 [Node 3] ENTERING CRITICAL SECTION at clock 73
2025/11/11 17:41:23 [Node 3] LEAVING CRITICAL SECTION at clock 74
2025/11/11 17:41:25 [Node 3] Received Request from 2 (Clock=74)
2025/11/11 17:41:25 [Node 3] Sending REPLY to 2
2025/11/11 17:41:25 [Node 3] Broadcasting request for CS (Clock=77)
2025/11/11 17:41:25 [Node 3] Got reply from 1 (2/2)
2025/11/11 17:41:25 [Node 3] Got reply from 2 (1/2)
2025/11/11 17:41:26 [Node 3] ENTERING CRITICAL SECTION at clock 83
2025/11/11 17:41:28 [Node 3] Received Request from 1 (Clock=80)
2025/11/11 17:41:28 [Node 3] Sending REPLY to 1
2025/11/11 17:41:29 [Node 3] LEAVING CRITICAL SECTION at clock 85
2025/11/11 17:41:31 [Node 3] Broadcasting request for CS (Clock=87)
2025/11/11 17:41:31 [Node 3] Got reply from 2 (1/2)
2025/11/11 17:41:31 [Node 3] Got reply from 1 (2/2)
2025/11/11 17:41:31 [Node 3] ENTERING CRITICAL SECTION at clock 90
2025/11/11 17:41:32 [Node 3] Received Request from 2 (Clock=89)
2025/11/11 17:41:32 [Node 3] Sending REPLY to 2
2025/11/11 17:41:34 [Node 3] LEAVING CRITICAL SECTION at clock 92
