2025/11/11 17:40:31 [Node 2] gRPC server now listening on :5002...
2025/11/11 17:40:31 [Node 2] Advertised on network (port 5002)
2025/11/11 17:40:34 [Node 2] Received Request from 3 (Clock=1)
2025/11/11 17:40:34 [Node 2] Sending REPLY to 3
2025/11/11 17:40:34 [Node 2] Waiting for peers to appear...
2025/11/11 17:40:34 [Node 2] Discovered new peer: node-3 (192.168.2.75:5003)
2025/11/11 17:40:34 [Node 2] Discovered new peer: node-1 (192.168.2.75:5001)
2025/11/11 17:40:34 [Node 2] Added new peer: 192.168.2.75:5003
2025/11/11 17:40:34 [Node 2] Added new peer: 192.168.2.75:5001
2025/11/11 17:40:35 [Node 2] Decided not to enter CS this time
2025/11/11 17:40:36 [Node 2] Received Request from 1 (Clock=3)
2025/11/11 17:40:36 [Node 2] Sending REPLY to 1
2025/11/11 17:40:37 [Node 2] Broadcasting request for CS (Clock=5)
2025/11/11 17:40:37 [Node 2] Got reply from 3 (1/2)
2025/11/11 17:40:37 [Node 2] Got reply from 1 (2/2)
2025/11/11 17:40:37 [Node 2] ENTERING CRITICAL SECTION at clock 11
2025/11/11 17:40:40 [Node 2] LEAVING CRITICAL SECTION at clock 12
2025/11/11 17:40:44 [Node 2] Received Request from 1 (Clock=12)
2025/11/11 17:40:44 [Node 2] Sending REPLY to 1
2025/11/11 17:40:44 [Node 2] Received Request from 3 (Clock=14)
2025/11/11 17:40:44 [Node 2] Sending REPLY to 3
2025/11/11 17:40:44 [Node 2] Broadcasting request for CS (Clock=16)
2025/11/11 17:40:44 [Node 2] Got reply from 3 (1/2)
2025/11/11 17:40:44 [Node 2] Got reply from 1 (2/2)
2025/11/11 17:40:45 [Node 2] ENTERING CRITICAL SECTION at clock 23
2025/11/11 17:40:48 [Node 2] LEAVING CRITICAL SECTION at clock 24
2025/11/11 17:40:51 [Node 2] Received Request from 1 (Clock=21)
2025/11/11 17:40:51 [Node 2] Sending REPLY to 1
2025/11/11 17:40:52 [Node 2] Broadcasting request for CS (Clock=27)
2025/11/11 17:40:52 [Node 2] Got reply from 1 (1/2)
2025/11/11 17:40:52 [Node 2] Got reply from 3 (2/2)
2025/11/11 17:40:53 [Node 2] ENTERING CRITICAL SECTION at clock 31
2025/11/11 17:40:53 [Node 2] Received Request from 3 (Clock=29)
2025/11/11 17:40:53 [Node 2] Sending REPLY to 3
2025/11/11 17:40:56 [Node 2] LEAVING CRITICAL SECTION at clock 33
2025/11/11 17:40:58 [Node 2] Broadcasting request for CS (Clock=35)
2025/11/11 17:40:58 [Node 2] Got reply from 3 (1/2)
2025/11/11 17:40:58 [Node 2] Got reply from 1 (2/2)
2025/11/11 17:40:59 [Node 2] ENTERING CRITICAL SECTION at clock 39
2025/11/11 17:40:59 [Node 2] Received Request from 1 (Clock=37)
2025/11/11 17:40:59 [Node 2] Sending REPLY to 1
2025/11/11 17:40:59 [Node 2] Received Request from 3 (Clock=39)
2025/11/11 17:40:59 [Node 2] Sending REPLY to 3
2025/11/11 17:41:02 [Node 2] LEAVING CRITICAL SECTION at clock 42
2025/11/11 17:41:06 [Node 2] Broadcasting request for CS (Clock=44)
2025/11/11 17:41:06 [Node 2] Got reply from 3 (1/2)
2025/11/11 17:41:06 [Node 2] Got reply from 1 (2/2)
2025/11/11 17:41:06 [Node 2] Received Request from 3 (Clock=50)
2025/11/11 17:41:06 [Node 2] Sending REPLY to 3
2025/11/11 17:41:06 [Node 2] ENTERING CRITICAL SECTION at clock 52
2025/11/11 17:41:09 [Node 2] LEAVING CRITICAL SECTION at clock 53
2025/11/11 17:41:10 [Node 2] Broadcasting request for CS (Clock=55)
2025/11/11 17:41:10 [Node 2] Got reply from 1 (1/2)
2025/11/11 17:41:10 [Node 2] Got reply from 3 (2/2)
2025/11/11 17:41:11 [Node 2] ENTERING CRITICAL SECTION at clock 58
2025/11/11 17:41:12 [Node 2] Received Request from 3 (Clock=58)
2025/11/11 17:41:12 [Node 2] Sending REPLY to 3
2025/11/11 17:41:12 [Node 2] Received Request from 1 (Clock=60)
2025/11/11 17:41:12 [Node 2] Sending REPLY to 1
2025/11/11 17:41:14 [Node 2] LEAVING CRITICAL SECTION at clock 61
2025/11/11 17:41:17 [Node 2] Broadcasting request for CS (Clock=63)
2025/11/11 17:41:17 [Node 2] Got reply from 1 (1/2)
2025/11/11 17:41:17 [Node 2] Got reply from 3 (2/2)
2025/11/11 17:41:18 [Node 2] ENTERING CRITICAL SECTION at clock 69
2025/11/11 17:41:20 [Node 2] Received Request from 3 (Clock=66)
2025/11/11 17:41:20 [Node 2] Sending REPLY to 3
2025/11/11 17:41:20 [Node 2] Received Request from 1 (Clock=69)
2025/11/11 17:41:20 [Node 2] Sending REPLY to 1
2025/11/11 17:41:21 [Node 2] LEAVING CRITICAL SECTION at clock 72
2025/11/11 17:41:25 [Node 2] Broadcasting request for CS (Clock=74)
2025/11/11 17:41:25 [Node 2] Got reply from 1 (1/2)
2025/11/11 17:41:25 [Node 2] Got reply from 3 (2/2)
2025/11/11 17:41:25 [Node 2] Received Request from 3 (Clock=77)
2025/11/11 17:41:25 [Node 2] Sending REPLY to 3
2025/11/11 17:41:25 [Node 2] ENTERING CRITICAL SECTION at clock 81
2025/11/11 17:41:28 [Node 2] Received Request from 1 (Clock=80)
2025/11/11 17:41:28 [Node 2] Sending REPLY to 1
2025/11/11 17:41:28 [Node 2] LEAVING CRITICAL SECTION at clock 83
2025/11/11 17:41:31 [Node 2] Received Request from 3 (Clock=87)
2025/11/11 17:41:31 [Node 2] Sending REPLY to 3
2025/11/11 17:41:32 [Node 2] Broadcasting request for CS (Clock=89)
2025/11/11 17:41:32 [Node 2] Got reply from 1 (1/2)
2025/11/11 17:41:32 [Node 2] Got reply from 3 (2/2)
2025/11/11 17:41:32 [Node 2] ENTERING CRITICAL SECTION at clock 93
