2025/11/12 17:06:22 [Node 3] gRPC server now listening on :5003...
2025/11/12 17:06:22 [Node 3] Advertised on network (port 5003)
2025/11/12 17:06:25 [Node 3] Waiting for peers to appear...
2025/11/12 17:06:25 [Node 3] Discovered new peer: 1 (192.168.2.75:5001)
2025/11/12 17:06:25 [Node 3] Discovered new peer: 2 (192.168.2.75:5002)
2025/11/12 17:06:25 [Node 3] Added new peer: 1 (192.168.2.75:5001)
2025/11/12 17:06:25 [Node 3] Added new peer: 2 (192.168.2.75:5002)
2025/11/12 17:06:26 [Node 3] Broadcasting request for CS (Clock=0)
2025/11/12 17:06:26 [Node 3] Got reply from 1 (1/2)
2025/11/12 17:06:26 [Node 3] Got reply from 2 (2/2)
2025/11/12 17:06:27 [Node 3] ENTERING CRITICAL SECTION at clock 4
2025/11/12 17:06:28 [Node 3] Received Request from 1 (Clock=1)
2025/11/12 17:06:28 [Node 3] Deferred reply to 1
2025/11/12 17:06:28 [Node 3] Received Request from 2 (Clock=2)
2025/11/12 17:06:28 [Node 3] Deferred reply to 2
2025/11/12 17:06:30 [Node 3] LEAVING CRITICAL SECTION at clock 7
2025/11/12 17:06:30 [Node 3] Sent deferred reply to 1
2025/11/12 17:06:30 [Node 3] Sent deferred reply to 2
2025/11/12 17:06:32 [Node 3] Broadcasting request for CS (Clock=8)
2025/11/12 17:06:33 [Node 3] Received Reply from 1 (Clock=12)
2025/11/12 17:06:33 [Node 3] Got reply from 1 (1/2)
2025/11/12 17:06:35 [Node 3] Received Request from 1 (Clock=12)
2025/11/12 17:06:35 [Node 3] Deferred reply to 1
2025/11/12 17:06:36 [Node 3] Received Reply from 2 (Clock=16)
2025/11/12 17:06:36 [Node 3] Got reply from 2 (2/2)
2025/11/12 17:06:36 [Node 3] ENTERING CRITICAL SECTION at clock 17
2025/11/12 17:06:39 [Node 3] LEAVING CRITICAL SECTION at clock 18
2025/11/12 17:06:39 [Node 3] Sent deferred reply to 1
2025/11/12 17:06:40 [Node 3] Received Request from 2 (Clock=16)
2025/11/12 17:06:40 [Node 3] Sending REPLY to 2
2025/11/12 17:06:44 [Node 3] Decided not to enter CS this time
2025/11/12 17:06:45 [Node 3] Received Request from 1 (Clock=23)
2025/11/12 17:06:45 [Node 3] Sending REPLY to 1
2025/11/12 17:06:46 [Node 3] Decided not to enter CS this time
2025/11/12 17:06:49 [Node 3] Decided not to enter CS this time
2025/11/12 17:06:50 [Node 3] Received Request from 2 (Clock=27)
2025/11/12 17:06:50 [Node 3] Sending REPLY to 2
2025/11/12 17:06:52 [Node 3] Received Request from 1 (Clock=31)
2025/11/12 17:06:52 [Node 3] Sending REPLY to 1
2025/11/12 17:06:52 [Node 3] Broadcasting request for CS (Clock=32)
2025/11/12 17:06:54 [Node 3] Received Reply from 2 (Clock=37)
2025/11/12 17:06:54 [Node 3] Got reply from 2 (1/2)
2025/11/12 17:06:57 [Node 3] Received Reply from 1 (Clock=40)
2025/11/12 17:06:57 [Node 3] Got reply from 1 (2/2)
2025/11/12 17:06:57 [Node 3] ENTERING CRITICAL SECTION at clock 41
2025/11/12 17:06:59 [Node 3] Received Request from 1 (Clock=40)
2025/11/12 17:06:59 [Node 3] Deferred reply to 1
2025/11/12 17:07:00 [Node 3] LEAVING CRITICAL SECTION at clock 43
2025/11/12 17:07:00 [Node 3] Sent deferred reply to 1
2025/11/12 17:07:02 [Node 3] Received Request from 2 (Clock=41)
2025/11/12 17:07:02 [Node 3] Sending REPLY to 2
2025/11/12 17:07:03 [Node 3] Broadcasting request for CS (Clock=45)
2025/11/12 17:07:04 [Node 3] Received Reply from 1 (Clock=49)
2025/11/12 17:07:04 [Node 3] Got reply from 1 (1/2)
2025/11/12 17:07:05 [Node 3] Received Request from 1 (Clock=49)
2025/11/12 17:07:05 [Node 3] Deferred reply to 1
2025/11/12 17:07:07 [Node 3] Received Reply from 2 (Clock=53)
2025/11/12 17:07:07 [Node 3] Got reply from 2 (2/2)
2025/11/12 17:07:07 [Node 3] ENTERING CRITICAL SECTION at clock 54
2025/11/12 17:07:09 [Node 3] Received Request from 2 (Clock=53)
2025/11/12 17:07:09 [Node 3] Deferred reply to 2
2025/11/12 17:07:10 [Node 3] LEAVING CRITICAL SECTION at clock 56
2025/11/12 17:07:10 [Node 3] Sent deferred reply to 2
2025/11/12 17:07:10 [Node 3] Sent deferred reply to 1
2025/11/12 17:07:12 [Node 3] Decided not to enter CS this time
2025/11/12 17:07:16 [Node 3] Broadcasting request for CS (Clock=57)
2025/11/12 17:07:16 [Node 3] Got reply from 1 (1/2)
2025/11/12 17:07:16 [Node 3] Received Request from 1 (Clock=61)
2025/11/12 17:07:16 [Node 3] Deferred reply to 1
2025/11/12 17:07:17 [Node 3] Received Reply from 2 (Clock=65)
2025/11/12 17:07:17 [Node 3] Got reply from 2 (2/2)
2025/11/12 17:07:17 [Node 3] ENTERING CRITICAL SECTION at clock 66
2025/11/12 17:07:20 [Node 3] LEAVING CRITICAL SECTION at clock 67
2025/11/12 17:07:20 [Node 3] Sent deferred reply to 1
2025/11/12 17:07:21 [Node 3] Received Request from 2 (Clock=65)
2025/11/12 17:07:21 [Node 3] Sending REPLY to 2
2025/11/12 17:07:25 [Node 3] Broadcasting request for CS (Clock=69)
2025/11/12 17:07:25 [Node 3] Got reply from 1 (1/2)
2025/11/12 17:07:26 [Node 3] Received Reply from 2 (Clock=76)
2025/11/12 17:07:26 [Node 3] Got reply from 2 (2/2)
2025/11/12 17:07:27 [Node 3] ENTERING CRITICAL SECTION at clock 77
2025/11/12 17:07:28 [Node 3] Received Request from 1 (Clock=73)
2025/11/12 17:07:28 [Node 3] Deferred reply to 1
2025/11/12 17:07:30 [Node 3] LEAVING CRITICAL SECTION at clock 79
2025/11/12 17:07:30 [Node 3] Sent deferred reply to 1
2025/11/12 17:07:31 [Node 3] Received Request from 2 (Clock=77)
2025/11/12 17:07:31 [Node 3] Sending REPLY to 2
2025/11/12 17:07:33 [Node 3] Decided not to enter CS this time
2025/11/12 17:07:36 [Node 3] Received Request from 1 (Clock=84)
2025/11/12 17:07:36 [Node 3] Sending REPLY to 1
2025/11/12 17:07:37 [Node 3] Decided not to enter CS this time
2025/11/12 17:07:38 [Node 3] Decided not to enter CS this time
2025/11/12 17:07:39 [Node 3] Received Request from 2 (Clock=88)
2025/11/12 17:07:39 [Node 3] Sending REPLY to 2
2025/11/12 17:07:40 [Node 3] Decided not to enter CS this time
2025/11/12 17:07:42 [Node 3] Received Request from 1 (Clock=92)
2025/11/12 17:07:42 [Node 3] Sending REPLY to 1
2025/11/12 17:07:42 [Node 3] Broadcasting request for CS (Clock=93)
2025/11/12 17:07:42 [Node 3] Received Reply from 2 (Clock=97)
2025/11/12 17:07:42 [Node 3] Got reply from 2 (1/2)
2025/11/12 17:07:46 [Node 3] Received Reply from 1 (Clock=100)
2025/11/12 17:07:46 [Node 3] Got reply from 1 (2/2)
2025/11/12 17:07:46 [Node 3] ENTERING CRITICAL SECTION at clock 101
2025/11/12 17:07:46 [Node 3] Received Request from 2 (Clock=97)
2025/11/12 17:07:46 [Node 3] Deferred reply to 2
2025/11/12 17:07:49 [Node 3] Received Request from 1 (Clock=101)
2025/11/12 17:07:49 [Node 3] Deferred reply to 1
2025/11/12 17:07:49 [Node 3] LEAVING CRITICAL SECTION at clock 104
2025/11/12 17:07:49 [Node 3] Sent deferred reply to 1
2025/11/12 17:07:49 [Node 3] Sent deferred reply to 2
2025/11/12 17:07:53 [Node 3] Broadcasting request for CS (Clock=105)
2025/11/12 17:07:53 [Node 3] Got reply from 2 (1/2)
2025/11/12 17:07:55 [Node 3] Received Reply from 1 (Clock=112)
2025/11/12 17:07:55 [Node 3] Got reply from 1 (2/2)
2025/11/12 17:07:56 [Node 3] ENTERING CRITICAL SECTION at clock 113
2025/11/12 17:07:57 [Node 3] Received Request from 2 (Clock=109)
2025/11/12 17:07:57 [Node 3] Deferred reply to 2
2025/11/12 17:07:59 [Node 3] LEAVING CRITICAL SECTION at clock 115
2025/11/12 17:07:59 [Node 3] Sent deferred reply to 2
2025/11/12 17:08:00 [Node 3] Received Request from 1 (Clock=113)
2025/11/12 17:08:00 [Node 3] Sending REPLY to 1
2025/11/12 17:08:01 [Node 3] Broadcasting request for CS (Clock=117)
