2025/11/11 17:40:32 [Node 1] gRPC server now listening on :5001...
2025/11/11 17:40:32 [Node 1] Advertised on network (port 5001)
2025/11/11 17:40:34 [Node 1] Received Request from 3 (Clock=1)
2025/11/11 17:40:34 [Node 1] Sending REPLY to 3
2025/11/11 17:40:35 [Node 1] Waiting for peers to appear...
2025/11/11 17:40:35 [Node 1] Discovered new peer: node-3 (192.168.2.75:5003)
2025/11/11 17:40:35 [Node 1] Discovered new peer: node-2 (192.168.2.75:5002)
2025/11/11 17:40:35 [Node 1] Added new peer: 192.168.2.75:5003
2025/11/11 17:40:35 [Node 1] Added new peer: 192.168.2.75:5002
2025/11/11 17:40:36 [Node 1] Broadcasting request for CS (Clock=3)
2025/11/11 17:40:36 [Node 1] Got reply from 3 (1/2)
2025/11/11 17:40:36 [Node 1] Got reply from 2 (2/2)
2025/11/11 17:40:36 [Node 1] ENTERING CRITICAL SECTION at clock 8
2025/11/11 17:40:37 [Node 1] Received Request from 2 (Clock=5)
2025/11/11 17:40:37 [Node 1] Sending REPLY to 2
2025/11/11 17:40:39 [Node 1] LEAVING CRITICAL SECTION at clock 10
2025/11/11 17:40:44 [Node 1] Broadcasting request for CS (Clock=12)
2025/11/11 17:40:44 [Node 1] Got reply from 2 (1/2)
2025/11/11 17:40:44 [Node 1] Got reply from 3 (2/2)
2025/11/11 17:40:44 [Node 1] Received Request from 3 (Clock=14)
2025/11/11 17:40:44 [Node 1] Sending REPLY to 3
2025/11/11 17:40:44 [Node 1] ENTERING CRITICAL SECTION at clock 17
2025/11/11 17:40:44 [Node 1] Received Request from 2 (Clock=16)
2025/11/11 17:40:44 [Node 1] Sending REPLY to 2
2025/11/11 17:40:47 [Node 1] LEAVING CRITICAL SECTION at clock 19
2025/11/11 17:40:51 [Node 1] Broadcasting request for CS (Clock=21)
2025/11/11 17:40:51 [Node 1] Got reply from 3 (1/2)
2025/11/11 17:40:51 [Node 1] Got reply from 2 (2/2)
2025/11/11 17:40:51 [Node 1] ENTERING CRITICAL SECTION at clock 27
2025/11/11 17:40:52 [Node 1] Received Request from 2 (Clock=27)
2025/11/11 17:40:52 [Node 1] Sending REPLY to 2
2025/11/11 17:40:53 [Node 1] Received Request from 3 (Clock=29)
2025/11/11 17:40:53 [Node 1] Sending REPLY to 3
2025/11/11 17:40:54 [Node 1] LEAVING CRITICAL SECTION at clock 30
2025/11/11 17:40:58 [Node 1] Received Request from 2 (Clock=35)
2025/11/11 17:40:58 [Node 1] Sending REPLY to 2
2025/11/11 17:40:59 [Node 1] Broadcasting request for CS (Clock=37)
2025/11/11 17:40:59 [Node 1] Got reply from 3 (1/2)
2025/11/11 17:40:59 [Node 1] Got reply from 2 (2/2)
2025/11/11 17:40:59 [Node 1] ENTERING CRITICAL SECTION at clock 42
2025/11/11 17:40:59 [Node 1] Received Request from 3 (Clock=39)
2025/11/11 17:40:59 [Node 1] Sending REPLY to 3
2025/11/11 17:41:02 [Node 1] LEAVING CRITICAL SECTION at clock 44
2025/11/11 17:41:05 [Node 1] Decided not to enter CS this time
2025/11/11 17:41:06 [Node 1] Received Request from 2 (Clock=44)
2025/11/11 17:41:06 [Node 1] Sending REPLY to 2
2025/11/11 17:41:06 [Node 1] Received Request from 3 (Clock=50)
2025/11/11 17:41:06 [Node 1] Sending REPLY to 3
2025/11/11 17:41:09 [Node 1] Decided not to enter CS this time
2025/11/11 17:41:10 [Node 1] Received Request from 2 (Clock=55)
2025/11/11 17:41:10 [Node 1] Sending REPLY to 2
2025/11/11 17:41:12 [Node 1] Received Request from 3 (Clock=58)
2025/11/11 17:41:12 [Node 1] Sending REPLY to 3
2025/11/11 17:41:12 [Node 1] Broadcasting request for CS (Clock=60)
2025/11/11 17:41:12 [Node 1] Got reply from 3 (1/2)
2025/11/11 17:41:12 [Node 1] Got reply from 2 (2/2)
2025/11/11 17:41:13 [Node 1] ENTERING CRITICAL SECTION at clock 64
2025/11/11 17:41:16 [Node 1] LEAVING CRITICAL SECTION at clock 65
2025/11/11 17:41:17 [Node 1] Decided not to enter CS this time
2025/11/11 17:41:17 [Node 1] Received Request from 2 (Clock=63)
2025/11/11 17:41:17 [Node 1] Sending REPLY to 2
2025/11/11 17:41:20 [Node 1] Received Request from 3 (Clock=66)
2025/11/11 17:41:20 [Node 1] Sending REPLY to 3
2025/11/11 17:41:20 [Node 1] Broadcasting request for CS (Clock=69)
2025/11/11 17:41:20 [Node 1] Got reply from 3 (1/2)
2025/11/11 17:41:20 [Node 1] Got reply from 2 (2/2)
2025/11/11 17:41:21 [Node 1] ENTERING CRITICAL SECTION at clock 75
2025/11/11 17:41:24 [Node 1] LEAVING CRITICAL SECTION at clock 76
2025/11/11 17:41:25 [Node 1] Received Request from 2 (Clock=74)
2025/11/11 17:41:25 [Node 1] Sending REPLY to 2
2025/11/11 17:41:25 [Node 1] Received Request from 3 (Clock=77)
2025/11/11 17:41:25 [Node 1] Sending REPLY to 3
2025/11/11 17:41:28 [Node 1] Broadcasting request for CS (Clock=80)
2025/11/11 17:41:28 [Node 1] Got reply from 2 (1/2)
2025/11/11 17:41:28 [Node 1] Got reply from 3 (2/2)
2025/11/11 17:41:29 [Node 1] ENTERING CRITICAL SECTION at clock 86
2025/11/11 17:41:31 [Node 1] Received Request from 3 (Clock=87)
2025/11/11 17:41:31 [Node 1] Sending REPLY to 3
2025/11/11 17:41:32 [Node 1] LEAVING CRITICAL SECTION at clock 88
2025/11/11 17:41:32 [Node 1] Received Request from 2 (Clock=89)
2025/11/11 17:41:32 [Node 1] Sending REPLY to 2
