2025/11/12 17:06:22 [Node 2] gRPC server now listening on :5002...
2025/11/12 17:06:22 [Node 2] Advertised on network (port 5002)
2025/11/12 17:06:25 [Node 2] Waiting for peers to appear...
2025/11/12 17:06:25 [Node 2] Discovered new peer: 1 (192.168.2.75:5001)
2025/11/12 17:06:25 [Node 2] Discovered new peer: 3 (192.168.2.75:5003)
2025/11/12 17:06:25 [Node 2] Added new peer: 1 (192.168.2.75:5001)
2025/11/12 17:06:25 [Node 2] Added new peer: 3 (192.168.2.75:5003)
2025/11/12 17:06:26 [Node 2] Decided not to enter CS this time
2025/11/12 17:06:26 [Node 2] Received Request from 3 (Clock=0)
2025/11/12 17:06:26 [Node 2] Sending REPLY to 3
2025/11/12 17:06:28 [Node 2] Received Request from 1 (Clock=1)
2025/11/12 17:06:28 [Node 2] Sending REPLY to 1
2025/11/12 17:06:28 [Node 2] Broadcasting request for CS (Clock=2)
2025/11/12 17:06:30 [Node 2] Received Reply from 3 (Clock=8)
2025/11/12 17:06:30 [Node 2] Got reply from 3 (1/2)
2025/11/12 17:06:32 [Node 2] Received Request from 3 (Clock=8)
2025/11/12 17:06:32 [Node 2] Deferred reply to 3
2025/11/12 17:06:33 [Node 2] Received Reply from 1 (Clock=12)
2025/11/12 17:06:33 [Node 2] Got reply from 1 (2/2)
2025/11/12 17:06:33 [Node 2] ENTERING CRITICAL SECTION at clock 13
2025/11/12 17:06:35 [Node 2] Received Request from 1 (Clock=12)
2025/11/12 17:06:35 [Node 2] Deferred reply to 1
2025/11/12 17:06:36 [Node 2] LEAVING CRITICAL SECTION at clock 15
2025/11/12 17:06:36 [Node 2] Sent deferred reply to 3
2025/11/12 17:06:36 [Node 2] Sent deferred reply to 1
2025/11/12 17:06:40 [Node 2] Broadcasting request for CS (Clock=16)
2025/11/12 17:06:40 [Node 2] Got reply from 3 (1/2)
2025/11/12 17:06:42 [Node 2] Received Reply from 1 (Clock=23)
2025/11/12 17:06:42 [Node 2] Got reply from 1 (2/2)
2025/11/12 17:06:43 [Node 2] ENTERING CRITICAL SECTION at clock 24
2025/11/12 17:06:45 [Node 2] Received Request from 1 (Clock=23)
2025/11/12 17:06:45 [Node 2] Deferred reply to 1
2025/11/12 17:06:46 [Node 2] LEAVING CRITICAL SECTION at clock 26
2025/11/12 17:06:46 [Node 2] Sent deferred reply to 1
2025/11/12 17:06:50 [Node 2] Broadcasting request for CS (Clock=27)
2025/11/12 17:06:50 [Node 2] Got reply from 1 (1/2)
2025/11/12 17:06:50 [Node 2] Got reply from 3 (2/2)
2025/11/12 17:06:51 [Node 2] ENTERING CRITICAL SECTION at clock 33
2025/11/12 17:06:52 [Node 2] Received Request from 1 (Clock=31)
2025/11/12 17:06:52 [Node 2] Deferred reply to 1
2025/11/12 17:06:52 [Node 2] Received Request from 3 (Clock=32)
2025/11/12 17:06:52 [Node 2] Deferred reply to 3
2025/11/12 17:06:54 [Node 2] LEAVING CRITICAL SECTION at clock 36
2025/11/12 17:06:54 [Node 2] Sent deferred reply to 3
2025/11/12 17:06:54 [Node 2] Sent deferred reply to 1
2025/11/12 17:06:59 [Node 2] Decided not to enter CS this time
2025/11/12 17:06:59 [Node 2] Received Request from 1 (Clock=40)
2025/11/12 17:06:59 [Node 2] Sending REPLY to 1
2025/11/12 17:07:02 [Node 2] Broadcasting request for CS (Clock=41)
2025/11/12 17:07:02 [Node 2] Got reply from 3 (1/2)
2025/11/12 17:07:03 [Node 2] Received Request from 3 (Clock=45)
2025/11/12 17:07:03 [Node 2] Deferred reply to 3
2025/11/12 17:07:04 [Node 2] Received Reply from 1 (Clock=49)
2025/11/12 17:07:04 [Node 2] Got reply from 1 (2/2)
2025/11/12 17:07:04 [Node 2] ENTERING CRITICAL SECTION at clock 50
2025/11/12 17:07:05 [Node 2] Received Request from 1 (Clock=49)
2025/11/12 17:07:05 [Node 2] Deferred reply to 1
2025/11/12 17:07:07 [Node 2] LEAVING CRITICAL SECTION at clock 52
2025/11/12 17:07:07 [Node 2] Sent deferred reply to 3
2025/11/12 17:07:07 [Node 2] Sent deferred reply to 1
2025/11/12 17:07:09 [Node 2] Broadcasting request for CS (Clock=53)
2025/11/12 17:07:10 [Node 2] Received Reply from 3 (Clock=57)
2025/11/12 17:07:10 [Node 2] Got reply from 3 (1/2)
2025/11/12 17:07:13 [Node 2] Received Reply from 1 (Clock=60)
2025/11/12 17:07:13 [Node 2] Got reply from 1 (2/2)
2025/11/12 17:07:14 [Node 2] ENTERING CRITICAL SECTION at clock 61
2025/11/12 17:07:16 [Node 2] Received Request from 3 (Clock=57)
2025/11/12 17:07:16 [Node 2] Deferred reply to 3
2025/11/12 17:07:16 [Node 2] Received Request from 1 (Clock=61)
2025/11/12 17:07:16 [Node 2] Deferred reply to 1
2025/11/12 17:07:17 [Node 2] LEAVING CRITICAL SECTION at clock 64
2025/11/12 17:07:17 [Node 2] Sent deferred reply to 1
2025/11/12 17:07:17 [Node 2] Sent deferred reply to 3
2025/11/12 17:07:21 [Node 2] Broadcasting request for CS (Clock=65)
2025/11/12 17:07:21 [Node 2] Got reply from 3 (1/2)
2025/11/12 17:07:23 [Node 2] Received Reply from 1 (Clock=72)
2025/11/12 17:07:23 [Node 2] Got reply from 1 (2/2)
2025/11/12 17:07:23 [Node 2] ENTERING CRITICAL SECTION at clock 73
2025/11/12 17:07:25 [Node 2] Received Request from 3 (Clock=69)
2025/11/12 17:07:25 [Node 2] Deferred reply to 3
2025/11/12 17:07:26 [Node 2] LEAVING CRITICAL SECTION at clock 75
2025/11/12 17:07:26 [Node 2] Sent deferred reply to 3
2025/11/12 17:07:28 [Node 2] Received Request from 1 (Clock=73)
2025/11/12 17:07:28 [Node 2] Sending REPLY to 1
2025/11/12 17:07:31 [Node 2] Broadcasting request for CS (Clock=77)
2025/11/12 17:07:31 [Node 2] Got reply from 3 (1/2)
2025/11/12 17:07:33 [Node 2] Received Reply from 1 (Clock=84)
2025/11/12 17:07:33 [Node 2] Got reply from 1 (2/2)
2025/11/12 17:07:33 [Node 2] ENTERING CRITICAL SECTION at clock 85
2025/11/12 17:07:36 [Node 2] Received Request from 1 (Clock=84)
2025/11/12 17:07:36 [Node 2] Deferred reply to 1
2025/11/12 17:07:36 [Node 2] LEAVING CRITICAL SECTION at clock 87
2025/11/12 17:07:36 [Node 2] Sent deferred reply to 1
2025/11/12 17:07:39 [Node 2] Broadcasting request for CS (Clock=88)
2025/11/12 17:07:39 [Node 2] Got reply from 3 (1/2)
2025/11/12 17:07:39 [Node 2] Received Reply from 1 (Clock=92)
2025/11/12 17:07:39 [Node 2] Got reply from 1 (2/2)
2025/11/12 17:07:39 [Node 2] ENTERING CRITICAL SECTION at clock 93
2025/11/12 17:07:42 [Node 2] Received Request from 1 (Clock=92)
2025/11/12 17:07:42 [Node 2] Deferred reply to 1
2025/11/12 17:07:42 [Node 2] Received Request from 3 (Clock=93)
2025/11/12 17:07:42 [Node 2] Deferred reply to 3
2025/11/12 17:07:42 [Node 2] LEAVING CRITICAL SECTION at clock 96
2025/11/12 17:07:42 [Node 2] Sent deferred reply to 3
2025/11/12 17:07:42 [Node 2] Sent deferred reply to 1
2025/11/12 17:07:46 [Node 2] Broadcasting request for CS (Clock=97)
2025/11/12 17:07:46 [Node 2] Got reply from 1 (1/2)
2025/11/12 17:07:49 [Node 2] Received Request from 1 (Clock=101)
2025/11/12 17:07:49 [Node 2] Deferred reply to 1
2025/11/12 17:07:49 [Node 2] Received Reply from 3 (Clock=105)
2025/11/12 17:07:49 [Node 2] Got reply from 3 (2/2)
2025/11/12 17:07:49 [Node 2] ENTERING CRITICAL SECTION at clock 106
2025/11/12 17:07:52 [Node 2] LEAVING CRITICAL SECTION at clock 107
2025/11/12 17:07:52 [Node 2] Sent deferred reply to 1
2025/11/12 17:07:53 [Node 2] Received Request from 3 (Clock=105)
2025/11/12 17:07:53 [Node 2] Sending REPLY to 3
2025/11/12 17:07:57 [Node 2] Broadcasting request for CS (Clock=109)
2025/11/12 17:07:57 [Node 2] Got reply from 1 (1/2)
2025/11/12 17:07:59 [Node 2] Received Reply from 3 (Clock=116)
2025/11/12 17:07:59 [Node 2] Got reply from 3 (2/2)
2025/11/12 17:07:59 [Node 2] ENTERING CRITICAL SECTION at clock 117
2025/11/12 17:08:00 [Node 2] Received Request from 1 (Clock=113)
2025/11/12 17:08:00 [Node 2] Deferred reply to 1
